Copyright 1986-2018 Xilinx, Inc. All Rights Reserved.
----------------------------------------------------------------------------------------------------------------------------------------------------
| Tool Version     : Vivado v.2018.2 (win64) Build 2258646 Thu Jun 14 20:03:12 MDT 2018
| Date             : Sun Nov 30 13:48:44 2025
| Host             : HOFUD running 64-bit major release  (build 9200)
| Command          : report_power -file chaos_fifo_power_routed.rpt -pb chaos_fifo_power_summary_routed.pb -rpx chaos_fifo_power_routed.rpx
| Design           : chaos_fifo
| Device           : xcvu9p-flga2104-2L-e
| Design State     : routed
| Grade            : extended
| Process          : typical
| Characterization : Production
----------------------------------------------------------------------------------------------------------------------------------------------------

Power Report

Table of Contents
-----------------
1. Summary
1.1 On-Chip Components
1.2 Power Supply Summary
1.3 Confidence Level
2. Settings
2.1 Environment
2.2 Clock Constraints
3. Detailed Reports
3.1 By Hierarchy

1. Summary
----------

+--------------------------+--------------+
| Total On-Chip Power (W)  | 2.579        |
| Design Power Budget (W)  | Unspecified* |
| Power Budget Margin (W)  | NA           |
| Dynamic (W)              | 0.107        |
| Device Static (W)        | 2.471        |
| Effective TJA (C/W)      | 0.5          |
| Max Ambient (C)          | 98.6         |
| Junction Temperature (C) | 26.4         |
| Confidence Level         | Low          |
| Setting File             | ---          |
| Simulation Activity File | ---          |
| Design Nets Matched      | NA           |
+--------------------------+--------------+
* Specify Design Power Budget using, set_operating_conditions -design_power_budget <value in Watts>


1.1 On-Chip Components
----------------------

+----------------+-----------+----------+-----------+-----------------+
| On-Chip        | Power (W) | Used     | Available | Utilization (%) |
+----------------+-----------+----------+-----------+-----------------+
| Clocks         |     0.017 |        3 |       --- |             --- |
| CLB Logic      |     0.024 |    26947 |       --- |             --- |
|   LUT as Logic |     0.023 |     6873 |   1182240 |            0.58 |
|   Register     |    <0.001 |    16596 |   2364480 |            0.70 |
|   CARRY8       |    <0.001 |        3 |    147780 |           <0.01 |
|   Others       |     0.000 |        4 |       --- |             --- |
|   F7/F8 Muxes  |     0.000 |     3272 |   1182240 |            0.28 |
| Signals        |     0.047 |    20298 |       --- |             --- |
| I/O            |     0.020 |       33 |       832 |            3.97 |
| Static Power   |     2.471 |          |           |                 |
| Total          |     2.579 |          |           |                 |
+----------------+-----------+----------+-----------+-----------------+


1.2 Power Supply Summary
------------------------

+------------+-------------+-----------+-------------+------------+
| Source     | Voltage (V) | Total (A) | Dynamic (A) | Static (A) |
+------------+-------------+-----------+-------------+------------+
| Vccint     |       0.850 |     0.912 |       0.103 |      0.809 |
| Vccint_io  |       0.850 |     0.263 |       0.001 |      0.262 |
| Vccbram    |       0.850 |     0.015 |       0.000 |      0.015 |
| Vccaux     |       1.800 |     0.651 |       0.000 |      0.651 |
| Vccaux_io  |       1.800 |     0.190 |       0.005 |      0.185 |
| Vcco33     |       3.300 |     0.000 |       0.000 |      0.000 |
| Vcco25     |       2.500 |     0.000 |       0.000 |      0.000 |
| Vcco18     |       1.800 |     0.006 |       0.006 |      0.000 |
| Vcco15     |       1.500 |     0.000 |       0.000 |      0.000 |
| Vcco135    |       1.350 |     0.000 |       0.000 |      0.000 |
| Vcco12     |       1.200 |     0.000 |       0.000 |      0.000 |
| Vcco10     |       1.000 |     0.000 |       0.000 |      0.000 |
| Vccadc     |       1.800 |     0.024 |       0.000 |      0.024 |
| MGTYAVcc   |       0.900 |     0.000 |       0.000 |      0.000 |
| MGTYAVtt   |       1.200 |     0.000 |       0.000 |      0.000 |
| MGTYVccaux |       1.800 |     0.000 |       0.000 |      0.000 |
+------------+-------------+-----------+-------------+------------+


1.3 Confidence Level
--------------------

+-----------------------------+------------+--------------------------------------------------------+------------------------------------------------------------------------------------------------------------+
| User Input Data             | Confidence | Details                                                | Action                                                                                                     |
+-----------------------------+------------+--------------------------------------------------------+------------------------------------------------------------------------------------------------------------+
| Design implementation state | High       | Design is routed                                       |                                                                                                            |
| Clock nodes activity        | High       | User specified more than 95% of clocks                 |                                                                                                            |
| I/O nodes activity          | Low        | More than 75% of inputs are missing user specification | Provide missing input activity with simulation results or by editing the "By Resource Type -> I/Os" view   |
| Internal nodes activity     | Medium     | User specified less than 25% of internal nodes         | Provide missing internal nodes activity with simulation results or by editing the "By Resource Type" views |
| Device models               | High       | Device models are Production                           |                                                                                                            |
|                             |            |                                                        |                                                                                                            |
| Overall confidence level    | Low        |                                                        |                                                                                                            |
+-----------------------------+------------+--------------------------------------------------------+------------------------------------------------------------------------------------------------------------+


2. Settings
-----------

2.1 Environment
---------------

+-----------------------+--------------------------+
| Ambient Temp (C)      | 25.0                     |
| ThetaJA (C/W)         | 0.5                      |
| Airflow (LFM)         | 250                      |
| Heat Sink             | medium (Medium Profile)  |
| ThetaSA (C/W)         | 0.7                      |
| Board Selection       | medium (10"x10")         |
| # of Board Layers     | 12to15 (12 to 15 Layers) |
| Board Temperature (C) | 25.0                     |
+-----------------------+--------------------------+


2.2 Clock Constraints
---------------------

+-------+--------+-----------------+
| Clock | Domain | Constraint (ns) |
+-------+--------+-----------------+
| clk   | clk    |            10.0 |
+-------+--------+-----------------+


3. Detailed Reports
-------------------

3.1 By Hierarchy
----------------

+------------------------+-----------+
| Name                   | Power (W) |
+------------------------+-----------+
| chaos_fifo             |     0.107 |
|   clk_IBUF_inst        |    <0.001 |
|   rd_en_IBUF_inst      |    <0.001 |
|   rst_n_IBUF_inst      |    <0.001 |
|   wr_data_IBUF[0]_inst |     0.001 |
|   wr_data_IBUF[1]_inst |     0.001 |
|   wr_data_IBUF[2]_inst |     0.001 |
|   wr_data_IBUF[3]_inst |     0.002 |
|   wr_data_IBUF[4]_inst |     0.002 |
|   wr_data_IBUF[5]_inst |     0.002 |
|   wr_data_IBUF[6]_inst |     0.001 |
|   wr_data_IBUF[7]_inst |     0.001 |
|   wr_en_IBUF_inst      |    <0.001 |
+------------------------+-----------+


